<?xml version="1.0" encoding="UTF-8"?>
<testsuite name="edu.coursera.parallel.ReciprocalArraySumTest" time="23.862" tests="4" errors="0" skipped="0" failures="2">
  <properties>
[...]
</properties>
  <testcase name="testParManyTaskTwoHundredMillion" classname="edu.coursera.parallel.ReciprocalArraySumTest" time="2.494">
    <failure message="Mismatch in result for N = 200000000, expected = 10459940.214862, computed = 10456924.895990, absolute error = 3015.318872" type="junit.framework.AssertionFailedError">junit.framework.AssertionFailedError: Mismatch in result for N = 200000000, expected = 10459940.214862, computed = 10456924.895990, absolute error = 3015.318872
	at junit.framework.Assert.fail(Assert.java:47)
	at junit.framework.Assert.assertTrue(Assert.java:20)
	at edu.coursera.parallel.ReciprocalArraySumTest.parTestHelper(ReciprocalArraySumTest.java:83)
	at edu.coursera.parallel.ReciprocalArraySumTest.testParManyTaskTwoHundredMillion(ReciprocalArraySumTest.java:151)
</failure>
  </testcase>
  <testcase name="testParSimpleTwoMillion" classname="edu.coursera.parallel.ReciprocalArraySumTest" time="0.227"/>
  <testcase name="testParSimpleTwoHundredMillion" classname="edu.coursera.parallel.ReciprocalArraySumTest" time="21.107"/>
  <testcase name="testParManyTaskTwoMillion" classname="edu.coursera.parallel.ReciprocalArraySumTest" time="0.034">
    <failure message="Mismatch in result for N = 2000000, expected = 104672.524998, computed = 104703.718359, absolute error = 31.193361" type="junit.framework.AssertionFailedError">junit.framework.AssertionFailedError: Mismatch in result for N = 2000000, expected = 104672.524998, computed = 104703.718359, absolute error = 31.193361
	at junit.framework.Assert.fail(Assert.java:47)
	at junit.framework.Assert.assertTrue(Assert.java:20)
	at edu.coursera.parallel.ReciprocalArraySumTest.parTestHelper(ReciprocalArraySumTest.java:83)
	at edu.coursera.parallel.ReciprocalArraySumTest.testParManyTaskTwoMillion(ReciprocalArraySumTest.java:140)
</failure>
  </testcase>
</testsuite>